{"/home/tyler/hackreactor/hrr36-fec-tyler-widget/client/src/App.jsx": {"path":"/home/tyler/hackreactor/hrr36-fec-tyler-widget/client/src/App.jsx","statementMap":{"0":{"start":{"line":10,"column":4},"end":{"line":10,"column":17}},"1":{"start":{"line":11,"column":4},"end":{"line":14,"column":6}},"2":{"start":{"line":15,"column":4},"end":{"line":15,"column":47}},"3":{"start":{"line":19,"column":4},"end":{"line":29,"column":9}},"4":{"start":{"line":21,"column":24},"end":{"line":21,"column":61}},"5":{"start":{"line":22,"column":8},"end":{"line":22,"column":35}},"6":{"start":{"line":23,"column":8},"end":{"line":23,"column":19}},"7":{"start":{"line":26,"column":21},"end":{"line":26,"column":57}},"8":{"start":{"line":26,"column":44},"end":{"line":26,"column":56}},"9":{"start":{"line":27,"column":8},"end":{"line":27,"column":34}},"10":{"start":{"line":28,"column":8},"end":{"line":28,"column":34}},"11":{"start":{"line":34,"column":4},"end":{"line":34,"column":55}},"12":{"start":{"line":38,"column":23},"end":{"line":38,"column":33}},"13":{"start":{"line":39,"column":24},"end":{"line":39,"column":34}},"14":{"start":{"line":41,"column":4},"end":{"line":43,"column":5}},"15":{"start":{"line":42,"column":6},"end":{"line":42,"column":35}},"16":{"start":{"line":44,"column":4},"end":{"line":49,"column":6}}},"fnMap":{"0":{"name":"(anonymous_0)","decl":{"start":{"line":9,"column":2},"end":{"line":9,"column":3}},"loc":{"start":{"line":9,"column":21},"end":{"line":16,"column":3}},"line":9},"1":{"name":"(anonymous_1)","decl":{"start":{"line":18,"column":2},"end":{"line":18,"column":3}},"loc":{"start":{"line":18,"column":22},"end":{"line":30,"column":3}},"line":18},"2":{"name":"(anonymous_2)","decl":{"start":{"line":20,"column":12},"end":{"line":20,"column":13}},"loc":{"start":{"line":20,"column":21},"end":{"line":24,"column":7}},"line":20},"3":{"name":"(anonymous_3)","decl":{"start":{"line":25,"column":12},"end":{"line":25,"column":13}},"loc":{"start":{"line":25,"column":21},"end":{"line":29,"column":7}},"line":25},"4":{"name":"(anonymous_4)","decl":{"start":{"line":26,"column":34},"end":{"line":26,"column":35}},"loc":{"start":{"line":26,"column":44},"end":{"line":26,"column":56}},"line":26},"5":{"name":"(anonymous_5)","decl":{"start":{"line":33,"column":2},"end":{"line":33,"column":3}},"loc":{"start":{"line":33,"column":25},"end":{"line":35,"column":3}},"line":33},"6":{"name":"(anonymous_6)","decl":{"start":{"line":37,"column":2},"end":{"line":37,"column":3}},"loc":{"start":{"line":37,"column":11},"end":{"line":50,"column":3}},"line":37}},"branchMap":{"0":{"loc":{"start":{"line":33,"column":12},"end":{"line":33,"column":23}},"type":"default-arg","locations":[{"start":{"line":33,"column":22},"end":{"line":33,"column":23}}],"line":33},"1":{"loc":{"start":{"line":41,"column":4},"end":{"line":43,"column":5}},"type":"if","locations":[{"start":{"line":41,"column":4},"end":{"line":43,"column":5}},{"start":{"line":41,"column":4},"end":{"line":43,"column":5}}],"line":41},"2":{"loc":{"start":{"line":41,"column":8},"end":{"line":41,"column":51}},"type":"binary-expr","locations":[{"start":{"line":41,"column":8},"end":{"line":41,"column":27}},{"start":{"line":41,"column":31},"end":{"line":41,"column":51}}],"line":41}},"s":{"0":1,"1":1,"2":1,"3":1,"4":1,"5":1,"6":1,"7":1,"8":11,"9":1,"10":1,"11":0,"12":3,"13":3,"14":3,"15":2,"16":1},"f":{"0":1,"1":1,"2":1,"3":1,"4":11,"5":0,"6":3},"b":{"0":[0],"1":[2,1],"2":[3,1]},"_coverageSchema":"43e27e138ebf9cfc5966b082cf9a028302ed4184","hash":"a28540560d0d516bf56641541ea0b4bccb557604"}
,"/home/tyler/hackreactor/hrr36-fec-tyler-widget/client/src/components/ChartWrapper.jsx": {"path":"/home/tyler/hackreactor/hrr36-fec-tyler-widget/client/src/components/ChartWrapper.jsx","statementMap":{"0":{"start":{"line":4,"column":21},"end":{"line":24,"column":1}},"1":{"start":{"line":5,"column":20},"end":{"line":7,"column":3}},"2":{"start":{"line":9,"column":2},"end":{"line":23,"column":4}},"3":{"start":{"line":28,"column":0},"end":{"line":32,"column":2}}},"fnMap":{"0":{"name":"(anonymous_0)","decl":{"start":{"line":4,"column":21},"end":{"line":4,"column":22}},"loc":{"start":{"line":4,"column":52},"end":{"line":24,"column":1}},"line":4}},"branchMap":{},"s":{"0":3,"1":1,"2":1,"3":3},"f":{"0":1},"b":{},"_coverageSchema":"43e27e138ebf9cfc5966b082cf9a028302ed4184","hash":"b65619fa0c75c8211f34b0f3e7d3444357d72e51"}
,"/home/tyler/hackreactor/hrr36-fec-tyler-widget/client/src/components/Metascore.jsx": {"path":"/home/tyler/hackreactor/hrr36-fec-tyler-widget/client/src/components/Metascore.jsx","statementMap":{"0":{"start":{"line":7,"column":18},"end":{"line":65,"column":1}},"1":{"start":{"line":9,"column":25},"end":{"line":9,"column":63}},"2":{"start":{"line":10,"column":2},"end":{"line":18,"column":5}},"3":{"start":{"line":11,"column":4},"end":{"line":17,"column":5}},"4":{"start":{"line":12,"column":6},"end":{"line":12,"column":35}},"5":{"start":{"line":13,"column":11},"end":{"line":17,"column":5}},"6":{"start":{"line":14,"column":6},"end":{"line":14,"column":32}},"7":{"start":{"line":16,"column":6},"end":{"line":16,"column":35}},"8":{"start":{"line":21,"column":21},"end":{"line":21,"column":42}},"9":{"start":{"line":24,"column":27},"end":{"line":24,"column":48}},"10":{"start":{"line":25,"column":15},"end":{"line":25,"column":44}},"11":{"start":{"line":26,"column":2},"end":{"line":28,"column":3}},"12":{"start":{"line":26,"column":15},"end":{"line":26,"column":16}},"13":{"start":{"line":27,"column":4},"end":{"line":27,"column":44}},"14":{"start":{"line":31,"column":19},"end":{"line":31,"column":84}},"15":{"start":{"line":31,"column":47},"end":{"line":31,"column":55}},"16":{"start":{"line":35,"column":2},"end":{"line":41,"column":3}},"17":{"start":{"line":36,"column":4},"end":{"line":36,"column":27}},"18":{"start":{"line":37,"column":9},"end":{"line":41,"column":3}},"19":{"start":{"line":38,"column":4},"end":{"line":38,"column":24}},"20":{"start":{"line":40,"column":4},"end":{"line":40,"column":27}},"21":{"start":{"line":43,"column":2},"end":{"line":64,"column":4}},"22":{"start":{"line":69,"column":0},"end":{"line":71,"column":2}}},"fnMap":{"0":{"name":"(anonymous_0)","decl":{"start":{"line":7,"column":18},"end":{"line":7,"column":19}},"loc":{"start":{"line":7,"column":34},"end":{"line":65,"column":1}},"line":7},"1":{"name":"(anonymous_1)","decl":{"start":{"line":10,"column":17},"end":{"line":10,"column":18}},"loc":{"start":{"line":10,"column":28},"end":{"line":18,"column":3}},"line":10},"2":{"name":"(anonymous_2)","decl":{"start":{"line":31,"column":34},"end":{"line":31,"column":35}},"loc":{"start":{"line":31,"column":47},"end":{"line":31,"column":55}},"line":31}},"branchMap":{"0":{"loc":{"start":{"line":11,"column":4},"end":{"line":17,"column":5}},"type":"if","locations":[{"start":{"line":11,"column":4},"end":{"line":17,"column":5}},{"start":{"line":11,"column":4},"end":{"line":17,"column":5}}],"line":11},"1":{"loc":{"start":{"line":13,"column":11},"end":{"line":17,"column":5}},"type":"if","locations":[{"start":{"line":13,"column":11},"end":{"line":17,"column":5}},{"start":{"line":13,"column":11},"end":{"line":17,"column":5}}],"line":13},"2":{"loc":{"start":{"line":35,"column":2},"end":{"line":41,"column":3}},"type":"if","locations":[{"start":{"line":35,"column":2},"end":{"line":41,"column":3}},{"start":{"line":35,"column":2},"end":{"line":41,"column":3}}],"line":35},"3":{"loc":{"start":{"line":37,"column":9},"end":{"line":41,"column":3}},"type":"if","locations":[{"start":{"line":37,"column":9},"end":{"line":41,"column":3}},{"start":{"line":37,"column":9},"end":{"line":41,"column":3}}],"line":37}},"s":{"0":2,"1":3,"2":3,"3":13,"4":5,"5":8,"6":3,"7":5,"8":3,"9":3,"10":3,"11":3,"12":3,"13":9,"14":3,"15":10,"16":3,"17":1,"18":2,"19":1,"20":1,"21":3,"22":2},"f":{"0":3,"1":13,"2":10},"b":{"0":[5,8],"1":[3,5],"2":[1,2],"3":[1,1]},"_coverageSchema":"43e27e138ebf9cfc5966b082cf9a028302ed4184","hash":"d1b71ae7390e0dbdd4fc739c7d73ea7c77fae259"}
,"/home/tyler/hackreactor/hrr36-fec-tyler-widget/client/src/components/ReviewList.jsx": {"path":"/home/tyler/hackreactor/hrr36-fec-tyler-widget/client/src/components/ReviewList.jsx","statementMap":{"0":{"start":{"line":7,"column":19},"end":{"line":37,"column":1}},"1":{"start":{"line":11,"column":2},"end":{"line":21,"column":3}},"2":{"start":{"line":12,"column":4},"end":{"line":12,"column":97}},"3":{"start":{"line":12,"column":44},"end":{"line":12,"column":95}},"4":{"start":{"line":15,"column":21},"end":{"line":15,"column":51}},"5":{"start":{"line":16,"column":29},"end":{"line":18,"column":34}},"6":{"start":{"line":19,"column":4},"end":{"line":20,"column":74}},"7":{"start":{"line":20,"column":21},"end":{"line":20,"column":72}},"8":{"start":{"line":22,"column":2},"end":{"line":36,"column":4}},"9":{"start":{"line":41,"column":0},"end":{"line":43,"column":2}}},"fnMap":{"0":{"name":"(anonymous_0)","decl":{"start":{"line":7,"column":19},"end":{"line":7,"column":20}},"loc":{"start":{"line":7,"column":36},"end":{"line":37,"column":1}},"line":7},"1":{"name":"(anonymous_1)","decl":{"start":{"line":12,"column":34},"end":{"line":12,"column":35}},"loc":{"start":{"line":12,"column":44},"end":{"line":12,"column":95}},"line":12},"2":{"name":"(anonymous_2)","decl":{"start":{"line":20,"column":11},"end":{"line":20,"column":12}},"loc":{"start":{"line":20,"column":21},"end":{"line":20,"column":72}},"line":20}},"branchMap":{"0":{"loc":{"start":{"line":11,"column":2},"end":{"line":21,"column":3}},"type":"if","locations":[{"start":{"line":11,"column":2},"end":{"line":21,"column":3}},{"start":{"line":11,"column":2},"end":{"line":21,"column":3}}],"line":11}},"s":{"0":2,"1":2,"2":1,"3":5,"4":1,"5":1,"6":1,"7":7,"8":2,"9":2},"f":{"0":2,"1":5,"2":7},"b":{"0":[1,1]},"_coverageSchema":"43e27e138ebf9cfc5966b082cf9a028302ed4184","hash":"af193702b69fb73d0b31a5d695aec27d39e2d967"}
,"/home/tyler/hackreactor/hrr36-fec-tyler-widget/client/src/components/ReviewListItem.jsx": {"path":"/home/tyler/hackreactor/hrr36-fec-tyler-widget/client/src/components/ReviewListItem.jsx","statementMap":{"0":{"start":{"line":4,"column":23},"end":{"line":57,"column":1}},"1":{"start":{"line":6,"column":18},"end":{"line":6,"column":69}},"2":{"start":{"line":7,"column":15},"end":{"line":7,"column":80}},"3":{"start":{"line":11,"column":2},"end":{"line":17,"column":3}},"4":{"start":{"line":12,"column":4},"end":{"line":12,"column":26}},"5":{"start":{"line":13,"column":9},"end":{"line":17,"column":3}},"6":{"start":{"line":14,"column":4},"end":{"line":14,"column":23}},"7":{"start":{"line":16,"column":4},"end":{"line":16,"column":26}},"8":{"start":{"line":20,"column":18},"end":{"line":25,"column":4}},"9":{"start":{"line":21,"column":4},"end":{"line":24,"column":8}},"10":{"start":{"line":28,"column":34},"end":{"line":28,"column":49}},"11":{"start":{"line":29,"column":23},"end":{"line":29,"column":58}},"12":{"start":{"line":31,"column":2},"end":{"line":56,"column":4}},"13":{"start":{"line":53,"column":45},"end":{"line":53,"column":67}},"14":{"start":{"line":61,"column":0},"end":{"line":69,"column":2}}},"fnMap":{"0":{"name":"(anonymous_0)","decl":{"start":{"line":4,"column":23},"end":{"line":4,"column":24}},"loc":{"start":{"line":4,"column":39},"end":{"line":57,"column":1}},"line":4},"1":{"name":"(anonymous_1)","decl":{"start":{"line":20,"column":46},"end":{"line":20,"column":47}},"loc":{"start":{"line":21,"column":4},"end":{"line":24,"column":8}},"line":21},"2":{"name":"(anonymous_2)","decl":{"start":{"line":53,"column":39},"end":{"line":53,"column":40}},"loc":{"start":{"line":53,"column":45},"end":{"line":53,"column":67}},"line":53}},"branchMap":{"0":{"loc":{"start":{"line":11,"column":2},"end":{"line":17,"column":3}},"type":"if","locations":[{"start":{"line":11,"column":2},"end":{"line":17,"column":3}},{"start":{"line":11,"column":2},"end":{"line":17,"column":3}}],"line":11},"1":{"loc":{"start":{"line":13,"column":9},"end":{"line":17,"column":3}},"type":"if","locations":[{"start":{"line":13,"column":9},"end":{"line":17,"column":3}},{"start":{"line":13,"column":9},"end":{"line":17,"column":3}}],"line":13},"2":{"loc":{"start":{"line":29,"column":23},"end":{"line":29,"column":58}},"type":"cond-expr","locations":[{"start":{"line":29,"column":34},"end":{"line":29,"column":44}},{"start":{"line":29,"column":47},"end":{"line":29,"column":58}}],"line":29},"3":{"loc":{"start":{"line":53,"column":93},"end":{"line":53,"column":136}},"type":"cond-expr","locations":[{"start":{"line":53,"column":104},"end":{"line":53,"column":115}},{"start":{"line":53,"column":118},"end":{"line":53,"column":136}}],"line":53}},"s":{"0":3,"1":3,"2":3,"3":3,"4":1,"5":2,"6":1,"7":1,"8":3,"9":9,"10":3,"11":3,"12":3,"13":0,"14":3},"f":{"0":3,"1":9,"2":0},"b":{"0":[1,2],"1":[1,1],"2":[0,3],"3":[0,3]},"_coverageSchema":"43e27e138ebf9cfc5966b082cf9a028302ed4184","hash":"daa8b17d7b57f6fa9b5bdbea3318a6aa2afc26c6"}
,"/home/tyler/hackreactor/hrr36-fec-tyler-widget/database/Review.js": {"path":"/home/tyler/hackreactor/hrr36-fec-tyler-widget/database/Review.js","statementMap":{"0":{"start":{"line":1,"column":17},"end":{"line":1,"column":36}},"1":{"start":{"line":2,"column":11},"end":{"line":2,"column":32}},"2":{"start":{"line":4,"column":0},"end":{"line":4,"column":34}},"3":{"start":{"line":6,"column":21},"end":{"line":30,"column":2}},"4":{"start":{"line":32,"column":15},"end":{"line":32,"column":53}},"5":{"start":{"line":34,"column":15},"end":{"line":37,"column":1}},"6":{"start":{"line":35,"column":18},"end":{"line":35,"column":31}},"7":{"start":{"line":36,"column":2},"end":{"line":36,"column":34}},"8":{"start":{"line":39,"column":15},"end":{"line":42,"column":1}},"9":{"start":{"line":40,"column":17},"end":{"line":40,"column":35}},"10":{"start":{"line":41,"column":2},"end":{"line":41,"column":23}},"11":{"start":{"line":44,"column":18},"end":{"line":44,"column":41}},"12":{"start":{"line":44,"column":24},"end":{"line":44,"column":41}},"13":{"start":{"line":46,"column":0},"end":{"line":51,"column":2}}},"fnMap":{"0":{"name":"(anonymous_0)","decl":{"start":{"line":34,"column":15},"end":{"line":34,"column":16}},"loc":{"start":{"line":34,"column":26},"end":{"line":37,"column":1}},"line":34},"1":{"name":"(anonymous_1)","decl":{"start":{"line":39,"column":15},"end":{"line":39,"column":16}},"loc":{"start":{"line":39,"column":27},"end":{"line":42,"column":1}},"line":39},"2":{"name":"(anonymous_2)","decl":{"start":{"line":44,"column":18},"end":{"line":44,"column":19}},"loc":{"start":{"line":44,"column":24},"end":{"line":44,"column":41}},"line":44}},"branchMap":{},"s":{"0":2,"1":2,"2":2,"3":2,"4":2,"5":2,"6":3,"7":3,"8":2,"9":7,"10":7,"11":2,"12":5,"13":2},"f":{"0":3,"1":7,"2":5},"b":{},"_coverageSchema":"43e27e138ebf9cfc5966b082cf9a028302ed4184","hash":"7486c51a9619cbd3a0bf2f959400971aaa6ce108"}
,"/home/tyler/hackreactor/hrr36-fec-tyler-widget/database/index.js": {"path":"/home/tyler/hackreactor/hrr36-fec-tyler-widget/database/index.js","statementMap":{"0":{"start":{"line":1,"column":17},"end":{"line":1,"column":36}},"1":{"start":{"line":3,"column":17},"end":{"line":3,"column":75}},"2":{"start":{"line":4,"column":11},"end":{"line":6,"column":33}},"3":{"start":{"line":5,"column":14},"end":{"line":5,"column":49}},"4":{"start":{"line":6,"column":16},"end":{"line":6,"column":32}},"5":{"start":{"line":8,"column":0},"end":{"line":8,"column":20}}},"fnMap":{"0":{"name":"(anonymous_0)","decl":{"start":{"line":5,"column":8},"end":{"line":5,"column":9}},"loc":{"start":{"line":5,"column":14},"end":{"line":5,"column":49}},"line":5},"1":{"name":"(anonymous_1)","decl":{"start":{"line":6,"column":9},"end":{"line":6,"column":10}},"loc":{"start":{"line":6,"column":16},"end":{"line":6,"column":32}},"line":6}},"branchMap":{"0":{"loc":{"start":{"line":3,"column":17},"end":{"line":3,"column":75}},"type":"binary-expr","locations":[{"start":{"line":3,"column":17},"end":{"line":3,"column":40}},{"start":{"line":3,"column":44},"end":{"line":3,"column":75}}],"line":3}},"s":{"0":2,"1":2,"2":2,"3":2,"4":0,"5":2},"f":{"0":2,"1":0},"b":{"0":[2,2]},"_coverageSchema":"43e27e138ebf9cfc5966b082cf9a028302ed4184","hash":"0739873a9659abbb24d28ed428072aac286717e7"}
,"/home/tyler/hackreactor/hrr36-fec-tyler-widget/examples/reviews.js": {"path":"/home/tyler/hackreactor/hrr36-fec-tyler-widget/examples/reviews.js","statementMap":{"0":{"start":{"line":1,"column":16},"end":{"line":134,"column":1}}},"fnMap":{},"branchMap":{},"s":{"0":5},"f":{},"b":{},"_coverageSchema":"43e27e138ebf9cfc5966b082cf9a028302ed4184","hash":"9ff2d7aeea8d5986f5770340fe662886ec65d493"}
,"/home/tyler/hackreactor/hrr36-fec-tyler-widget/examples/scores.js": {"path":"/home/tyler/hackreactor/hrr36-fec-tyler-widget/examples/scores.js","statementMap":{"0":{"start":{"line":1,"column":15},"end":{"line":5,"column":1}}},"fnMap":{},"branchMap":{},"s":{"0":1},"f":{},"b":{},"_coverageSchema":"43e27e138ebf9cfc5966b082cf9a028302ed4184","hash":"00e4ea46283050586471e7045702f5bfa42faba3"}
,"/home/tyler/hackreactor/hrr36-fec-tyler-widget/server/app.js": {"path":"/home/tyler/hackreactor/hrr36-fec-tyler-widget/server/app.js","statementMap":{"0":{"start":{"line":1,"column":16},"end":{"line":1,"column":34}},"1":{"start":{"line":2,"column":19},"end":{"line":2,"column":41}},"2":{"start":{"line":3,"column":13},"end":{"line":3,"column":28}},"3":{"start":{"line":5,"column":15},"end":{"line":5,"column":47}},"4":{"start":{"line":7,"column":12},"end":{"line":7,"column":21}},"5":{"start":{"line":9,"column":0},"end":{"line":9,"column":27}},"6":{"start":{"line":10,"column":0},"end":{"line":10,"column":51}},"7":{"start":{"line":11,"column":0},"end":{"line":11,"column":66}},"8":{"start":{"line":13,"column":0},"end":{"line":16,"column":3}},"9":{"start":{"line":14,"column":2},"end":{"line":15,"column":34}},"10":{"start":{"line":15,"column":18},"end":{"line":15,"column":32}},"11":{"start":{"line":18,"column":0},"end":{"line":18,"column":21}}},"fnMap":{"0":{"name":"(anonymous_0)","decl":{"start":{"line":13,"column":40},"end":{"line":13,"column":41}},"loc":{"start":{"line":13,"column":54},"end":{"line":16,"column":1}},"line":13},"1":{"name":"(anonymous_1)","decl":{"start":{"line":15,"column":10},"end":{"line":15,"column":11}},"loc":{"start":{"line":15,"column":18},"end":{"line":15,"column":32}},"line":15}},"branchMap":{},"s":{"0":1,"1":1,"2":1,"3":1,"4":1,"5":1,"6":1,"7":1,"8":1,"9":1,"10":1,"11":1},"f":{"0":1,"1":1},"b":{},"_coverageSchema":"43e27e138ebf9cfc5966b082cf9a028302ed4184","hash":"a7f1fff728be129b4250177f75bcf1ead6a896b0"}
}
